[11/9/2011 2:48:13 PM - WorldClient] StatusChanged: Disconnecting
[11/9/2011 2:48:37 PM - WorldClient] StatusChanged: Disconnecting
[11/9/2011 2:49:31 PM - WorldClient] StatusChanged: Disconnecting
[11/9/2011 2:49:51 PM - WorldClient] StatusChanged: Disconnecting
[11/9/2011 2:50:05 PM - WorldClient] StatusChanged: Disconnecting
[11/9/2011 2:50:23 PM - WorldClient] StatusChanged: Disconnecting
[11/9/2011 2:51:38 PM - WorldClient] StatusChanged: Disconnecting
[11/9/2011 2:51:58 PM - WorldClient] StatusChanged: Disconnecting
[11/9/2011 2:58:40 PM - WorldClient] StatusChanged: Disconnecting
[11/9/2011 2:59:20 PM - WorldClient] StatusChanged: Disconnecting
[11/9/2011 3:06:36 PM - WorldClient] StatusChanged: Disconnecting
[11/9/2011 3:07:52 PM - Game1] Unable to connect.
[11/9/2011 3:07:52 PM - WorldClient] StatusChanged: Disconnecting
[11/10/2011 6:51:01 PM - WorldClient] StatusChanged: Disconnecting
[11/10/2011 6:51:01 PM - Game1] Unable to connect.
[11/10/2011 6:51:01 PM - WorldClient] StatusChanged: Disconnected
[11/10/2011 6:51:01 PM - WorldClient] OnDisconnected
[11/10/2011 6:51:01 PM - Game1] Unable to connect.
[11/10/2011 6:51:49 PM - WorldClient] StatusChanged: Disconnecting
[11/10/2011 6:51:49 PM - Game1] Unable to connect.
[11/10/2011 6:51:49 PM - WorldClient] StatusChanged: Disconnected
[11/10/2011 6:51:49 PM - WorldClient] OnDisconnected
[11/10/2011 6:51:49 PM - Game1] Unable to connect.
[11/10/2011 6:53:08 PM - Game1] Unable to connect.
[11/10/2011 6:53:08 PM - WorldClient] StatusChanged: Disconnecting
[11/10/2011 6:54:01 PM - WorldClient] StatusChanged: Disconnecting
[11/10/2011 6:54:01 PM - Game1] Unable to connect.
[11/10/2011 6:54:01 PM - WorldClient] StatusChanged: Disconnected
[11/10/2011 6:54:01 PM - WorldClient] OnDisconnected
[11/10/2011 6:54:01 PM - Game1] Unable to connect.
[11/10/2011 6:54:27 PM - Game1] Unable to connect.
[11/10/2011 6:54:27 PM - WorldClient] StatusChanged: Disconnecting
[11/10/2011 7:06:16 PM - Game1] Unable to connect.
[11/10/2011 7:06:16 PM - WorldClient] StatusChanged: Disconnecting
[11/10/2011 7:30:30 PM - WorldClient] StatusChanged: Disconnecting
[11/10/2011 7:30:30 PM - Game1] Unable to connect.
[11/10/2011 7:30:30 PM - WorldClient] StatusChanged: Disconnected
[11/10/2011 7:30:30 PM - WorldClient] OnDisconnected
[11/10/2011 7:30:30 PM - Game1] Unable to connect.
[11/10/2011 7:32:53 PM - Game1] Unable to connect.
[11/10/2011 7:32:53 PM - WorldClient] StatusChanged: Disconnecting
[11/10/2011 7:33:21 PM - Game1] Unable to connect.
[11/10/2011 7:33:21 PM - WorldClient] StatusChanged: Disconnecting
[11/10/2011 7:34:20 PM - Game1] Unable to connect.
[11/10/2011 7:34:20 PM - WorldClient] StatusChanged: Disconnecting
[11/10/2011 7:36:35 PM - WorldClient] StatusChanged: Disconnecting
[11/10/2011 7:36:35 PM - Game1] Unable to connect.
[11/10/2011 7:36:35 PM - WorldClient] StatusChanged: Disconnected
[11/10/2011 7:36:35 PM - WorldClient] OnDisconnected
[11/10/2011 7:36:35 PM - Game1] Unable to connect.
[11/10/2011 7:36:51 PM - Game1] Unable to connect.
[11/10/2011 7:36:51 PM - WorldClient] StatusChanged: Disconnecting
[11/10/2011 7:45:14 PM - WorldClient] StatusChanged: Disconnecting
[11/10/2011 7:45:14 PM - Game1] Unable to connect.
[11/10/2011 7:45:14 PM - WorldClient] StatusChanged: Disconnected
[11/10/2011 7:45:14 PM - WorldClient] OnDisconnected
[11/10/2011 7:45:14 PM - Game1] Unable to connect.
[11/10/2011 7:46:44 PM - WorldClient] StatusChanged: Disconnecting
[11/10/2011 7:46:44 PM - Game1] Unable to connect.
[11/10/2011 7:46:44 PM - WorldClient] StatusChanged: Disconnected
[11/10/2011 7:46:44 PM - WorldClient] OnDisconnected
[11/10/2011 7:46:44 PM - Game1] Unable to connect.
[11/10/2011 7:47:07 PM - Game1] Unable to connect.
[11/10/2011 7:47:07 PM - WorldClient] StatusChanged: Disconnecting
[11/10/2011 7:52:11 PM - WorldClient] StatusChanged: Disconnecting
[11/10/2011 7:52:11 PM - Game1] Unable to connect.
[11/10/2011 7:52:11 PM - WorldClient] StatusChanged: Disconnected
[11/10/2011 7:52:11 PM - WorldClient] OnDisconnected
[11/10/2011 7:52:11 PM - Game1] Unable to connect.
[11/10/2011 7:52:30 PM - WorldClient] StatusChanged: Disconnecting
[11/10/2011 7:52:30 PM - Game1] Unable to connect.
[11/10/2011 7:52:30 PM - WorldClient] StatusChanged: Disconnected
[11/10/2011 7:52:30 PM - WorldClient] OnDisconnected
[11/10/2011 7:52:30 PM - Game1] Unable to connect.
[11/11/2011 8:32:41 PM - WorldClient] StatusChanged: Disconnecting
[11/11/2011 8:32:41 PM - Game1] Unable to connect.
[11/11/2011 8:32:41 PM - WorldClient] StatusChanged: Disconnected
[11/11/2011 8:32:41 PM - WorldClient] OnDisconnected
[11/11/2011 8:32:41 PM - Game1] Unable to connect.
[11/11/2011 8:33:57 PM - Game1] Unable to connect.
[11/11/2011 8:33:57 PM - WorldClient] StatusChanged: Disconnecting
[11/14/2011 2:19:11 AM - WorldClient] StatusChanged: Connected
[11/14/2011 2:19:11 AM - WorldClient] OnConnected
[11/14/2011 2:19:28 AM - WorldClient] StatusChanged: Connected
[11/14/2011 2:19:28 AM - WorldClient] OnConnected
[11/14/2011 2:19:28 AM - WorldClient] Data arrived bytes: 337
[11/14/2011 2:19:28 AM - WorldConnection] HandleMessageReceivedEvent() S2C_CharacterList
[11/14/2011 2:21:16 AM - WorldClient] StatusChanged: Connected
[11/14/2011 2:21:16 AM - WorldClient] OnConnected
[11/14/2011 2:21:17 AM - WorldClient] Data arrived bytes: 337
[11/14/2011 2:21:17 AM - WorldConnection] HandleMessageReceivedEvent() S2C_CharacterList
[11/14/2011 2:21:49 AM - WorldClient] StatusChanged: Connected
[11/14/2011 2:21:49 AM - WorldClient] OnConnected
[11/14/2011 2:21:49 AM - WorldClient] Data arrived bytes: 337
[11/14/2011 2:21:49 AM - WorldConnection] HandleMessageReceivedEvent() S2C_CharacterList
[11/14/2011 2:26:15 AM - WorldClient] StatusChanged: Connected
[11/14/2011 2:26:15 AM - WorldClient] OnConnected
[11/14/2011 2:26:15 AM - WorldClient] Data arrived bytes: 337
[11/14/2011 2:26:15 AM - WorldConnection] HandleMessageReceivedEvent() S2C_CharacterList
[11/14/2011 2:29:50 AM - WorldClient] StatusChanged: Connected
[11/14/2011 2:29:50 AM - WorldClient] OnConnected
[11/14/2011 2:29:50 AM - WorldClient] Data arrived bytes: 337
[11/14/2011 2:29:50 AM - WorldConnection] HandleMessageReceivedEvent() S2C_CharacterList
[11/14/2011 2:31:24 AM - WorldClient] StatusChanged: Connected
[11/14/2011 2:31:24 AM - WorldClient] OnConnected
[11/14/2011 2:31:24 AM - WorldClient] Data arrived bytes: 337
[11/14/2011 2:31:24 AM - WorldConnection] HandleMessageReceivedEvent() S2C_CharacterList
[11/14/2011 2:35:45 AM - WorldClient] StatusChanged: Disconnecting
[11/14/2011 2:35:45 AM - Game1] Unable to connect.
[11/14/2011 2:35:45 AM - WorldClient] StatusChanged: Disconnected
[11/14/2011 2:35:45 AM - WorldClient] OnDisconnected
[11/14/2011 2:35:45 AM - Game1] Unable to connect.
[11/14/2011 2:37:31 AM - Game1] Unable to connect.
[11/14/2011 2:37:31 AM - WorldClient] StatusChanged: Disconnecting
[11/14/2011 2:39:11 AM - Game1] Unable to connect.
[11/14/2011 2:39:11 AM - WorldClient] StatusChanged: Disconnecting
