////////////////////////////////////////////////////////////////
    Date: 11/10/2011 6:38:09 PM
Assembly: TomShane.Neoforce.Controls.dll
 Version: 0.7.2407.1915
 Message: Control cannot be created. No skin loaded.
////////////////////////////////////////////////////////////////
   at TomShane.Neoforce.Controls.Control..ctor(Manager manager) in C:\Users\Katie\Desktop\Asteria\References\Neoforce\Source\Controls\Code\Control.cs:line 1266
   at TomShane.Neoforce.Controls.ClipControl..ctor(Manager manager) in C:\Users\Katie\Desktop\Asteria\References\Neoforce\Source\Controls\Code\ClipControl.cs:line 80
   at TomShane.Neoforce.Controls.Container..ctor(Manager manager) in C:\Users\Katie\Desktop\Asteria\References\Neoforce\Source\Controls\Code\Container.cs:line 188
   at TomShane.Neoforce.Controls.Console..ctor(Manager manager) in C:\Users\Katie\Desktop\Asteria\References\Neoforce\Source\Controls\Code\Console.cs:line 272
   at AsteriaClient.Game1.Initialize() in C:\Users\Katie\Desktop\Asteria\AsteriaClient\AsteriaClient\Game1.cs:line 84
   at Microsoft.Xna.Framework.Game.RunGame(Boolean useBlockingRun)
   at Microsoft.Xna.Framework.Game.Run()
   at AsteriaClient.Program.Main(String[] args) in C:\Users\Katie\Desktop\Asteria\AsteriaClient\AsteriaClient\Program.cs:line 14
////////////////////////////////////////////////////////////////

////////////////////////////////////////////////////////////////
    Date: 11/10/2011 6:41:42 PM
Assembly: TomShane.Neoforce.Controls.dll
 Version: 0.7.2407.1915
 Message: Control cannot be created. No skin loaded.
////////////////////////////////////////////////////////////////
   at TomShane.Neoforce.Controls.Control..ctor(Manager manager) in C:\Users\Katie\Desktop\Asteria\References\Neoforce\Source\Controls\Code\Control.cs:line 1266
   at TomShane.Neoforce.Controls.ClipControl..ctor(Manager manager) in C:\Users\Katie\Desktop\Asteria\References\Neoforce\Source\Controls\Code\ClipControl.cs:line 80
   at TomShane.Neoforce.Controls.Container..ctor(Manager manager) in C:\Users\Katie\Desktop\Asteria\References\Neoforce\Source\Controls\Code\Container.cs:line 188
   at TomShane.Neoforce.Controls.Console..ctor(Manager manager) in C:\Users\Katie\Desktop\Asteria\References\Neoforce\Source\Controls\Code\Console.cs:line 272
   at AsteriaClient.Game1.Initialize() in C:\Users\Katie\Desktop\Asteria\AsteriaClient\AsteriaClient\Game1.cs:line 85
   at Microsoft.Xna.Framework.Game.RunGame(Boolean useBlockingRun)
   at Microsoft.Xna.Framework.Game.Run()
   at AsteriaClient.Program.Main(String[] args) in C:\Users\Katie\Desktop\Asteria\AsteriaClient\AsteriaClient\Program.cs:line 14
////////////////////////////////////////////////////////////////

////////////////////////////////////////////////////////////////
    Date: 11/10/2011 6:47:24 PM
Assembly: TomShane.Neoforce.Controls.dll
 Version: 0.7.2407.1915
 Message: Control cannot be created. No skin loaded.
////////////////////////////////////////////////////////////////
   at TomShane.Neoforce.Controls.Control..ctor(Manager manager) in C:\Users\Katie\Desktop\Asteria\References\Neoforce\Source\Controls\Code\Control.cs:line 1266
   at TomShane.Neoforce.Controls.ClipControl..ctor(Manager manager) in C:\Users\Katie\Desktop\Asteria\References\Neoforce\Source\Controls\Code\ClipControl.cs:line 80
   at TomShane.Neoforce.Controls.Container..ctor(Manager manager) in C:\Users\Katie\Desktop\Asteria\References\Neoforce\Source\Controls\Code\Container.cs:line 188
   at TomShane.Neoforce.Controls.Console..ctor(Manager manager) in C:\Users\Katie\Desktop\Asteria\References\Neoforce\Source\Controls\Code\Console.cs:line 272
   at AsteriaClient.Game1.Initialize() in C:\Users\Katie\Desktop\Asteria\AsteriaClient\AsteriaClient\Game1.cs:line 85
   at Microsoft.Xna.Framework.Game.RunGame(Boolean useBlockingRun)
   at Microsoft.Xna.Framework.Game.Run()
   at AsteriaClient.Program.Main(String[] args) in C:\Users\Katie\Desktop\Asteria\AsteriaClient\AsteriaClient\Program.cs:line 14
////////////////////////////////////////////////////////////////

////////////////////////////////////////////////////////////////
    Date: 11/10/2011 6:48:10 PM
Assembly: TomShane.Neoforce.Controls.dll
 Version: 0.7.2407.1915
 Message: The GraphicsDevice property cannot be used before Initialize has been called.
////////////////////////////////////////////////////////////////
   at Microsoft.Xna.Framework.DrawableGameComponent.get_GraphicsDevice()
   at TomShane.Neoforce.Controls.Manager.get_GraphicsDevice() in C:\Users\Katie\Desktop\Asteria\References\Neoforce\Source\Controls\Code\Manager.cs:line 175
   at TomShane.Neoforce.Controls.Manager.get_ScreenWidth() in C:\Users\Katie\Desktop\Asteria\References\Neoforce\Source\Controls\Code\Manager.cs:line 452
   at TomShane.Neoforce.Controls.Manager.get_TargetWidth() in C:\Users\Katie\Desktop\Asteria\References\Neoforce\Source\Controls\Code\Manager.cs:line 421
   at TomShane.Neoforce.Controls.Control.get_MaximumWidth() in C:\Users\Katie\Desktop\Asteria\References\Neoforce\Source\Controls\Code\Control.cs:line 981
   at TomShane.Neoforce.Controls.Control.set_Width(Int32 value) in C:\Users\Katie\Desktop\Asteria\References\Neoforce\Source\Controls\Code\Control.cs:line 877
   at TomShane.Neoforce.Controls.ScrollBar..ctor(Manager manager, Orientation orientation) in C:\Users\Katie\Desktop\Asteria\References\Neoforce\Source\Controls\Code\ScrollBar.cs:line 178
   at TomShane.Neoforce.Controls.Container..ctor(Manager manager) in C:\Users\Katie\Desktop\Asteria\References\Neoforce\Source\Controls\Code\Container.cs:line 190
   at TomShane.Neoforce.Controls.Console..ctor(Manager manager) in C:\Users\Katie\Desktop\Asteria\References\Neoforce\Source\Controls\Code\Console.cs:line 272
   at AsteriaClient.Game1.Initialize() in C:\Users\Katie\Desktop\Asteria\AsteriaClient\AsteriaClient\Game1.cs:line 86
   at Microsoft.Xna.Framework.Game.RunGame(Boolean useBlockingRun)
   at Microsoft.Xna.Framework.Game.Run()
   at AsteriaClient.Program.Main(String[] args) in C:\Users\Katie\Desktop\Asteria\AsteriaClient\AsteriaClient\Program.cs:line 14
////////////////////////////////////////////////////////////////

////////////////////////////////////////////////////////////////
    Date: 11/10/2011 6:48:57 PM
Assembly: TomShane.Neoforce.Controls.dll
 Version: 0.7.2407.1915
 Message: The GraphicsDevice property cannot be used before Initialize has been called.
////////////////////////////////////////////////////////////////
   at Microsoft.Xna.Framework.DrawableGameComponent.get_GraphicsDevice()
   at TomShane.Neoforce.Controls.Manager.get_GraphicsDevice() in C:\Users\Katie\Desktop\Asteria\References\Neoforce\Source\Controls\Code\Manager.cs:line 175
   at TomShane.Neoforce.Controls.Manager.get_ScreenWidth() in C:\Users\Katie\Desktop\Asteria\References\Neoforce\Source\Controls\Code\Manager.cs:line 452
   at TomShane.Neoforce.Controls.Manager.get_TargetWidth() in C:\Users\Katie\Desktop\Asteria\References\Neoforce\Source\Controls\Code\Manager.cs:line 421
   at TomShane.Neoforce.Controls.Control.get_MaximumWidth() in C:\Users\Katie\Desktop\Asteria\References\Neoforce\Source\Controls\Code\Control.cs:line 981
   at TomShane.Neoforce.Controls.Control.set_Width(Int32 value) in C:\Users\Katie\Desktop\Asteria\References\Neoforce\Source\Controls\Code\Control.cs:line 877
   at TomShane.Neoforce.Controls.ScrollBar..ctor(Manager manager, Orientation orientation) in C:\Users\Katie\Desktop\Asteria\References\Neoforce\Source\Controls\Code\ScrollBar.cs:line 178
   at TomShane.Neoforce.Controls.Container..ctor(Manager manager) in C:\Users\Katie\Desktop\Asteria\References\Neoforce\Source\Controls\Code\Container.cs:line 190
   at TomShane.Neoforce.Controls.Console..ctor(Manager manager) in C:\Users\Katie\Desktop\Asteria\References\Neoforce\Source\Controls\Code\Console.cs:line 272
   at AsteriaClient.Game1.Initialize() in C:\Users\Katie\Desktop\Asteria\AsteriaClient\AsteriaClient\Game1.cs:line 86
   at Microsoft.Xna.Framework.Game.RunGame(Boolean useBlockingRun)
   at Microsoft.Xna.Framework.Game.Run()
   at AsteriaClient.Program.Main(String[] args) in C:\Users\Katie\Desktop\Asteria\AsteriaClient\AsteriaClient\Program.cs:line 14
////////////////////////////////////////////////////////////////

////////////////////////////////////////////////////////////////
    Date: 11/10/2011 6:54:02 PM
Assembly: TomShane.Neoforce.Controls.dll
 Version: 0.7.2407.1915
 Message: Nesting more than one SpriteBatch.Begin when using a SpriteBatch with SpriteSortMode.Immediate is not allowed.
////////////////////////////////////////////////////////////////
   at Microsoft.Xna.Framework.Graphics.SpriteBatch.Begin(SpriteSortMode sortMode, BlendState blendState, SamplerState samplerState, DepthStencilState depthStencilState, RasterizerState rasterizerState, Effect effect, Matrix transformMatrix)
   at Microsoft.Xna.Framework.Graphics.SpriteBatch.Begin(SpriteSortMode sortMode, BlendState blendState, SamplerState samplerState, DepthStencilState depthStencilState, RasterizerState rasterizerState)
   at TomShane.Neoforce.Controls.Renderer.Begin(BlendingMode mode) in C:\Users\Katie\Desktop\Asteria\References\Neoforce\Source\Controls\Code\Renderer.cs:line 162
   at TomShane.Neoforce.Controls.Control.DrawControls(Renderer renderer, Rectangle rect, GameTime gameTime, Boolean firstDetach) in C:\Users\Katie\Desktop\Asteria\References\Neoforce\Source\Controls\Code\Control.cs:line 1568
   at TomShane.Neoforce.Controls.Control.PrepareTexture(Renderer renderer, GameTime gameTime) in C:\Users\Katie\Desktop\Asteria\References\Neoforce\Source\Controls\Code\Control.cs:line 1499
   at TomShane.Neoforce.Controls.Manager.Draw(GameTime gameTime) in C:\Users\Katie\Desktop\Asteria\References\Neoforce\Source\Controls\Code\Manager.cs:line 1198
   at AsteriaClient.Game1.Draw(GameTime gameTime) in C:\Users\Katie\Desktop\Asteria\AsteriaClient\AsteriaClient\Game1.cs:line 170
   at Microsoft.Xna.Framework.Game.DrawFrame()
   at Microsoft.Xna.Framework.Game.Tick()
   at Microsoft.Xna.Framework.Game.HostIdle(Object sender, EventArgs e)
   at Microsoft.Xna.Framework.GameHost.OnIdle()
   at Microsoft.Xna.Framework.WindowsGameHost.RunOneFrame()
   at Microsoft.Xna.Framework.WindowsGameHost.ApplicationIdle(Object sender, EventArgs e)
   at System.Windows.Forms.Application.ThreadContext.System.Windows.Forms.UnsafeNativeMethods.IMsoComponent.FDoIdle(Int32 grfidlef)
   at System.Windows.Forms.Application.ComponentManager.System.Windows.Forms.UnsafeNativeMethods.IMsoComponentManager.FPushMessageLoop(IntPtr dwComponentID, Int32 reason, Int32 pvLoopData)
   at System.Windows.Forms.Application.ThreadContext.RunMessageLoopInner(Int32 reason, ApplicationContext context)
   at System.Windows.Forms.Application.ThreadContext.RunMessageLoop(Int32 reason, ApplicationContext context)
   at System.Windows.Forms.Application.Run(Form mainForm)
   at Microsoft.Xna.Framework.WindowsGameHost.Run()
   at Microsoft.Xna.Framework.Game.RunGame(Boolean useBlockingRun)
   at Microsoft.Xna.Framework.Game.Run()
   at AsteriaClient.Program.Main(String[] args) in C:\Users\Katie\Desktop\Asteria\AsteriaClient\AsteriaClient\Program.cs:line 14
////////////////////////////////////////////////////////////////

////////////////////////////////////////////////////////////////
    Date: 11/10/2011 7:29:37 PM
Assembly: TomShane.Neoforce.Controls.dll
 Version: 0.7.2407.1915
 Message: Could not find a part of the path 'C:\Users\Katie\Desktop\Asteria\AsteriaClient\AsteriaClient\bin\x86\Debug\Content\Skins\Default.skin'.
////////////////////////////////////////////////////////////////
   at System.IO.__Error.WinIOError(Int32 errorCode, String maybeFullPath)
   at System.IO.FileStream.Init(String path, FileMode mode, FileAccess access, Int32 rights, Boolean useRights, FileShare share, Int32 bufferSize, FileOptions options, SECURITY_ATTRIBUTES secAttrs, String msgPath, Boolean bFromProxy, Boolean useLongPath)
   at System.IO.FileStream..ctor(String path, FileMode mode, FileAccess access, FileShare share)
   at System.IO.File.OpenRead(String path)
   at TomShane.Neoforce.External.Zip.ZipFile.get_ReadStream() in C:\Users\Katie\Desktop\Asteria\References\Neoforce\Source\Controls\External\Zip\ZipFile.cs:line 33
   at TomShane.Neoforce.External.Zip.ZipFile.Read(String zipfilename, Boolean TurnOnDebug) in C:\Users\Katie\Desktop\Asteria\References\Neoforce\Source\Controls\External\Zip\ZipFile.cs:line 200
   at TomShane.Neoforce.External.Zip.ZipFile.Read(String zipfilename) in C:\Users\Katie\Desktop\Asteria\References\Neoforce\Source\Controls\External\Zip\ZipFile.cs:line 189
   at TomShane.Neoforce.Controls.ArchiveManager..ctor(IServiceProvider serviceProvider, String archive) in C:\Users\Katie\Desktop\Asteria\References\Neoforce\Source\Controls\Code\ArchiveManager.cs:line 88
   at TomShane.Neoforce.Controls.Skin..ctor(Manager manager, String name) in C:\Users\Katie\Desktop\Asteria\References\Neoforce\Source\Controls\Code\Skin.cs:line 553
   at TomShane.Neoforce.Controls.Manager.SetSkin(String name) in C:\Users\Katie\Desktop\Asteria\References\Neoforce\Source\Controls\Code\Manager.cs:line 930
   at TomShane.Neoforce.Controls.Manager.Initialize() in C:\Users\Katie\Desktop\Asteria\References\Neoforce\Source\Controls\Code\Manager.cs:line 902
   at AsteriaClient.Interface.GameInterface..ctor(Game1 game) in C:\Users\Katie\Desktop\Asteria\AsteriaClient\AsteriaClient\Interface\GameInterface.cs:line 32
   at AsteriaClient.Game1.Initialize() in C:\Users\Katie\Desktop\Asteria\AsteriaClient\AsteriaClient\Game1.cs:line 82
   at Microsoft.Xna.Framework.Game.RunGame(Boolean useBlockingRun)
   at Microsoft.Xna.Framework.Game.Run()
   at AsteriaClient.Program.Main(String[] args) in C:\Users\Katie\Desktop\Asteria\AsteriaClient\AsteriaClient\Program.cs:line 14
////////////////////////////////////////////////////////////////

////////////////////////////////////////////////////////////////
    Date: 11/10/2011 7:30:02 PM
Assembly: TomShane.Neoforce.Controls.dll
 Version: 0.7.2407.1915
 Message: Could not find a part of the path 'C:\Users\Katie\Desktop\Asteria\AsteriaClient\AsteriaClient\bin\x86\Debug\Content\Skins\Default.skin'.
////////////////////////////////////////////////////////////////
   at System.IO.__Error.WinIOError(Int32 errorCode, String maybeFullPath)
   at System.IO.FileStream.Init(String path, FileMode mode, FileAccess access, Int32 rights, Boolean useRights, FileShare share, Int32 bufferSize, FileOptions options, SECURITY_ATTRIBUTES secAttrs, String msgPath, Boolean bFromProxy, Boolean useLongPath)
   at System.IO.FileStream..ctor(String path, FileMode mode, FileAccess access, FileShare share)
   at System.IO.File.OpenRead(String path)
   at TomShane.Neoforce.External.Zip.ZipFile.get_ReadStream() in C:\Users\Katie\Desktop\Asteria\References\Neoforce\Source\Controls\External\Zip\ZipFile.cs:line 33
   at TomShane.Neoforce.External.Zip.ZipFile.Read(String zipfilename, Boolean TurnOnDebug) in C:\Users\Katie\Desktop\Asteria\References\Neoforce\Source\Controls\External\Zip\ZipFile.cs:line 200
   at TomShane.Neoforce.External.Zip.ZipFile.Read(String zipfilename) in C:\Users\Katie\Desktop\Asteria\References\Neoforce\Source\Controls\External\Zip\ZipFile.cs:line 189
   at TomShane.Neoforce.Controls.ArchiveManager..ctor(IServiceProvider serviceProvider, String archive) in C:\Users\Katie\Desktop\Asteria\References\Neoforce\Source\Controls\Code\ArchiveManager.cs:line 88
   at TomShane.Neoforce.Controls.Skin..ctor(Manager manager, String name) in C:\Users\Katie\Desktop\Asteria\References\Neoforce\Source\Controls\Code\Skin.cs:line 553
   at TomShane.Neoforce.Controls.Manager.SetSkin(String name) in C:\Users\Katie\Desktop\Asteria\References\Neoforce\Source\Controls\Code\Manager.cs:line 930
   at TomShane.Neoforce.Controls.Manager.Initialize() in C:\Users\Katie\Desktop\Asteria\References\Neoforce\Source\Controls\Code\Manager.cs:line 902
   at AsteriaClient.Interface.GameInterface..ctor(Game1 game) in C:\Users\Katie\Desktop\Asteria\AsteriaClient\AsteriaClient\Interface\GameInterface.cs:line 32
   at AsteriaClient.Game1.Initialize() in C:\Users\Katie\Desktop\Asteria\AsteriaClient\AsteriaClient\Game1.cs:line 82
   at Microsoft.Xna.Framework.Game.RunGame(Boolean useBlockingRun)
   at Microsoft.Xna.Framework.Game.Run()
   at AsteriaClient.Program.Main(String[] args) in C:\Users\Katie\Desktop\Asteria\AsteriaClient\AsteriaClient\Program.cs:line 14
////////////////////////////////////////////////////////////////

////////////////////////////////////////////////////////////////
    Date: 11/10/2011 7:46:45 PM
Assembly: TomShane.Neoforce.Controls.dll
 Version: 0.7.2407.1915
 Message: Begin must be called successfully before a Draw can be called.
////////////////////////////////////////////////////////////////
   at Microsoft.Xna.Framework.Graphics.SpriteBatch.InternalDraw(Texture2D texture, Vector4& destination, Boolean scaleDestination, Nullable`1& sourceRectangle, Color color, Single rotation, Vector2& origin, SpriteEffects effects, Single depth)
   at Microsoft.Xna.Framework.Graphics.SpriteBatch.Draw(Texture2D texture, Vector2 position, Color color)
   at AsteriaClient.Game1.Draw(GameTime gameTime) in C:\Users\Katie\Desktop\Asteria\AsteriaClient\AsteriaClient\Game1.cs:line 150
   at Microsoft.Xna.Framework.Game.DrawFrame()
   at Microsoft.Xna.Framework.Game.Tick()
   at Microsoft.Xna.Framework.Game.HostIdle(Object sender, EventArgs e)
   at Microsoft.Xna.Framework.GameHost.OnIdle()
   at Microsoft.Xna.Framework.WindowsGameHost.RunOneFrame()
   at Microsoft.Xna.Framework.WindowsGameHost.ApplicationIdle(Object sender, EventArgs e)
   at System.Windows.Forms.Application.ThreadContext.System.Windows.Forms.UnsafeNativeMethods.IMsoComponent.FDoIdle(Int32 grfidlef)
   at System.Windows.Forms.Application.ComponentManager.System.Windows.Forms.UnsafeNativeMethods.IMsoComponentManager.FPushMessageLoop(IntPtr dwComponentID, Int32 reason, Int32 pvLoopData)
   at System.Windows.Forms.Application.ThreadContext.RunMessageLoopInner(Int32 reason, ApplicationContext context)
   at System.Windows.Forms.Application.ThreadContext.RunMessageLoop(Int32 reason, ApplicationContext context)
   at System.Windows.Forms.Application.Run(Form mainForm)
   at Microsoft.Xna.Framework.WindowsGameHost.Run()
   at Microsoft.Xna.Framework.Game.RunGame(Boolean useBlockingRun)
   at Microsoft.Xna.Framework.Game.Run()
   at AsteriaClient.Program.Main(String[] args) in C:\Users\Katie\Desktop\Asteria\AsteriaClient\AsteriaClient\Program.cs:line 14
////////////////////////////////////////////////////////////////

////////////////////////////////////////////////////////////////
    Date: 11/10/2011 7:52:12 PM
Assembly: TomShane.Neoforce.Controls.dll
 Version: 0.7.2407.1915
 Message: Begin must be called successfully before a Draw can be called.
////////////////////////////////////////////////////////////////
   at Microsoft.Xna.Framework.Graphics.SpriteBatch.InternalDraw(Texture2D texture, Vector4& destination, Boolean scaleDestination, Nullable`1& sourceRectangle, Color color, Single rotation, Vector2& origin, SpriteEffects effects, Single depth)
   at Microsoft.Xna.Framework.Graphics.SpriteBatch.Draw(Texture2D texture, Vector2 position, Color color)
   at AsteriaClient.Game1.Draw(GameTime gameTime) in C:\Users\Katie\Desktop\Asteria\AsteriaClient\AsteriaClient\Game1.cs:line 150
   at Microsoft.Xna.Framework.Game.DrawFrame()
   at Microsoft.Xna.Framework.Game.Tick()
   at Microsoft.Xna.Framework.Game.HostIdle(Object sender, EventArgs e)
   at Microsoft.Xna.Framework.GameHost.OnIdle()
   at Microsoft.Xna.Framework.WindowsGameHost.RunOneFrame()
   at Microsoft.Xna.Framework.WindowsGameHost.ApplicationIdle(Object sender, EventArgs e)
   at System.Windows.Forms.Application.ThreadContext.System.Windows.Forms.UnsafeNativeMethods.IMsoComponent.FDoIdle(Int32 grfidlef)
   at System.Windows.Forms.Application.ComponentManager.System.Windows.Forms.UnsafeNativeMethods.IMsoComponentManager.FPushMessageLoop(IntPtr dwComponentID, Int32 reason, Int32 pvLoopData)
   at System.Windows.Forms.Application.ThreadContext.RunMessageLoopInner(Int32 reason, ApplicationContext context)
   at System.Windows.Forms.Application.ThreadContext.RunMessageLoop(Int32 reason, ApplicationContext context)
   at System.Windows.Forms.Application.Run(Form mainForm)
   at Microsoft.Xna.Framework.WindowsGameHost.Run()
   at Microsoft.Xna.Framework.Game.RunGame(Boolean useBlockingRun)
   at Microsoft.Xna.Framework.Game.Run()
   at AsteriaClient.Program.Main(String[] args) in C:\Users\Katie\Desktop\Asteria\AsteriaClient\AsteriaClient\Program.cs:line 14
////////////////////////////////////////////////////////////////

////////////////////////////////////////////////////////////////
    Date: 11/11/2011 9:17:32 PM
Assembly: TomShane.Neoforce.Controls.dll
 Version: 0.7.2407.1915
 Message: Object reference not set to an instance of an object.
////////////////////////////////////////////////////////////////
   at TomShane.Neoforce.Controls.Console.set_SelectedChannel(Byte value) in C:\Users\Katie\Desktop\Asteria\References\Neoforce\Source\Controls\Code\Console.cs:line 220
   at AsteriaClient.Interface.GuiConsole..ctor(Manager manager) in C:\Users\Katie\Desktop\Asteria\AsteriaClient\AsteriaClient\Interface\GuiConsole.cs:line 62
   at AsteriaClient.Interface.Gui.InitInterface() in C:\Users\Katie\Desktop\Asteria\AsteriaClient\AsteriaClient\Interface\Gui.cs:line 42
   at AsteriaClient.Interface.Gui..ctor(Game1 game) in C:\Users\Katie\Desktop\Asteria\AsteriaClient\AsteriaClient\Interface\Gui.cs:line 35
   at AsteriaClient.Game1.Initialize() in C:\Users\Katie\Desktop\Asteria\AsteriaClient\AsteriaClient\Game1.cs:line 83
   at Microsoft.Xna.Framework.Game.RunGame(Boolean useBlockingRun)
   at Microsoft.Xna.Framework.Game.Run()
   at AsteriaClient.Program.Main(String[] args) in C:\Users\Katie\Desktop\Asteria\AsteriaClient\AsteriaClient\Program.cs:line 14
////////////////////////////////////////////////////////////////

////////////////////////////////////////////////////////////////
    Date: 11/11/2011 9:19:02 PM
Assembly: TomShane.Neoforce.Controls.dll
 Version: 0.7.2407.1915
 Message: Object reference not set to an instance of an object.
////////////////////////////////////////////////////////////////
   at TomShane.Neoforce.Controls.Console.set_SelectedChannel(Byte value) in C:\Users\Katie\Desktop\Asteria\References\Neoforce\Source\Controls\Code\Console.cs:line 220
   at AsteriaClient.Interface.GuiConsole..ctor(Manager manager) in C:\Users\Katie\Desktop\Asteria\AsteriaClient\AsteriaClient\Interface\GuiConsole.cs:line 61
   at AsteriaClient.Interface.Gui.InitInterface() in C:\Users\Katie\Desktop\Asteria\AsteriaClient\AsteriaClient\Interface\Gui.cs:line 42
   at AsteriaClient.Interface.Gui..ctor(Game1 game) in C:\Users\Katie\Desktop\Asteria\AsteriaClient\AsteriaClient\Interface\Gui.cs:line 35
   at AsteriaClient.Game1.Initialize() in C:\Users\Katie\Desktop\Asteria\AsteriaClient\AsteriaClient\Game1.cs:line 83
   at Microsoft.Xna.Framework.Game.RunGame(Boolean useBlockingRun)
   at Microsoft.Xna.Framework.Game.Run()
   at AsteriaClient.Program.Main(String[] args) in C:\Users\Katie\Desktop\Asteria\AsteriaClient\AsteriaClient\Program.cs:line 14
////////////////////////////////////////////////////////////////

////////////////////////////////////////////////////////////////
    Date: 11/11/2011 10:31:02 PM
Assembly: TomShane.Neoforce.Controls.dll
 Version: 0.7.2407.1915
 Message: Index and length must refer to a location within the string.
Parameter name: length
////////////////////////////////////////////////////////////////
   at System.String.InternalSubStringWithChecks(Int32 startIndex, Int32 length, Boolean fAlwaysCopy)
   at System.String.Substring(Int32 startIndex, Int32 length)
   at AsteriaClient.Interface.GuiConsole.MessageSent(Object sender, ConsoleMessageEventArgs e) in C:\Users\Katie\Desktop\Asteria\AsteriaClient\AsteriaClient\Interface\GuiConsole.cs:line 93
   at TomShane.Neoforce.Controls.Console.OnMessageSent(ConsoleMessageEventArgs e) in C:\Users\Katie\Desktop\Asteria\References\Neoforce\Source\Controls\Code\Console.cs:line 496
   at TomShane.Neoforce.Controls.Console.SendMessage(EventArgs x) in C:\Users\Katie\Desktop\Asteria\References\Neoforce\Source\Controls\Code\Console.cs:line 480
   at TomShane.Neoforce.Controls.Console.txtMain_KeyDown(Object sender, KeyEventArgs e) in C:\Users\Katie\Desktop\Asteria\References\Neoforce\Source\Controls\Code\Console.cs:line 447
   at TomShane.Neoforce.Controls.Control.OnKeyDown(KeyEventArgs e) in C:\Users\Katie\Desktop\Asteria\References\Neoforce\Source\Controls\Code\Control.cs:line 2859
   at TomShane.Neoforce.Controls.Control.KeyDownProcess(KeyEventArgs e) in C:\Users\Katie\Desktop\Asteria\References\Neoforce\Source\Controls\Code\Control.cs:line 2160
   at TomShane.Neoforce.Controls.Control.MessageProcess(Message message, EventArgs e) in C:\Users\Katie\Desktop\Asteria\References\Neoforce\Source\Controls\Code\Control.cs:line 2068
   at TomShane.Neoforce.Controls.Control.SendMessage(Message message, EventArgs e) in C:\Users\Katie\Desktop\Asteria\References\Neoforce\Source\Controls\Code\Control.cs:line 2007
   at TomShane.Neoforce.Controls.Manager.KeyDownProcess(Object sender, KeyEventArgs e) in C:\Users\Katie\Desktop\Asteria\References\Neoforce\Source\Controls\Code\Manager.cs:line 1769
   at TomShane.Neoforce.Controls.InputSystem.UpdateKeys(KeyboardState state, GameTime gameTime) in C:\Users\Katie\Desktop\Asteria\References\Neoforce\Source\Controls\Code\InputSystem.cs:line 576
   at TomShane.Neoforce.Controls.InputSystem.Update(GameTime gameTime) in C:\Users\Katie\Desktop\Asteria\References\Neoforce\Source\Controls\Code\InputSystem.cs:line 406
   at TomShane.Neoforce.Controls.Manager.Update(GameTime gameTime) in C:\Users\Katie\Desktop\Asteria\References\Neoforce\Source\Controls\Code\Manager.cs:line 1066
   at AsteriaClient.Interface.Gui.Update(GameTime gameTime) in C:\Users\Katie\Desktop\Asteria\AsteriaClient\AsteriaClient\Interface\Gui.cs:line 47
   at AsteriaClient.Game1.Update(GameTime gameTime) in C:\Users\Katie\Desktop\Asteria\AsteriaClient\AsteriaClient\Game1.cs:line 135
   at Microsoft.Xna.Framework.Game.Tick()
   at Microsoft.Xna.Framework.Game.HostIdle(Object sender, EventArgs e)
   at Microsoft.Xna.Framework.GameHost.OnIdle()
   at Microsoft.Xna.Framework.WindowsGameHost.RunOneFrame()
   at Microsoft.Xna.Framework.WindowsGameHost.ApplicationIdle(Object sender, EventArgs e)
   at System.Windows.Forms.Application.ThreadContext.System.Windows.Forms.UnsafeNativeMethods.IMsoComponent.FDoIdle(Int32 grfidlef)
   at System.Windows.Forms.Application.ComponentManager.System.Windows.Forms.UnsafeNativeMethods.IMsoComponentManager.FPushMessageLoop(IntPtr dwComponentID, Int32 reason, Int32 pvLoopData)
   at System.Windows.Forms.Application.ThreadContext.RunMessageLoopInner(Int32 reason, ApplicationContext context)
   at System.Windows.Forms.Application.ThreadContext.RunMessageLoop(Int32 reason, ApplicationContext context)
   at System.Windows.Forms.Application.Run(Form mainForm)
   at Microsoft.Xna.Framework.WindowsGameHost.Run()
   at Microsoft.Xna.Framework.Game.RunGame(Boolean useBlockingRun)
   at Microsoft.Xna.Framework.Game.Run()
   at AsteriaClient.Program.Main(String[] args) in C:\Users\Katie\Desktop\Asteria\AsteriaClient\AsteriaClient\Program.cs:line 14
////////////////////////////////////////////////////////////////

////////////////////////////////////////////////////////////////
    Date: 11/11/2011 10:32:18 PM
Assembly: TomShane.Neoforce.Controls.dll
 Version: 0.7.2407.1915
 Message: Object reference not set to an instance of an object.
////////////////////////////////////////////////////////////////
   at AsteriaClient.Interface.GuiConsole.MessageSent(Object sender, ConsoleMessageEventArgs e) in C:\Users\Katie\Desktop\Asteria\AsteriaClient\AsteriaClient\Interface\GuiConsole.cs:line 97
   at TomShane.Neoforce.Controls.Console.OnMessageSent(ConsoleMessageEventArgs e) in C:\Users\Katie\Desktop\Asteria\References\Neoforce\Source\Controls\Code\Console.cs:line 496
   at TomShane.Neoforce.Controls.Console.SendMessage(EventArgs x) in C:\Users\Katie\Desktop\Asteria\References\Neoforce\Source\Controls\Code\Console.cs:line 480
   at TomShane.Neoforce.Controls.Console.txtMain_KeyDown(Object sender, KeyEventArgs e) in C:\Users\Katie\Desktop\Asteria\References\Neoforce\Source\Controls\Code\Console.cs:line 447
   at TomShane.Neoforce.Controls.Control.OnKeyDown(KeyEventArgs e) in C:\Users\Katie\Desktop\Asteria\References\Neoforce\Source\Controls\Code\Control.cs:line 2859
   at TomShane.Neoforce.Controls.Control.KeyDownProcess(KeyEventArgs e) in C:\Users\Katie\Desktop\Asteria\References\Neoforce\Source\Controls\Code\Control.cs:line 2160
   at TomShane.Neoforce.Controls.Control.MessageProcess(Message message, EventArgs e) in C:\Users\Katie\Desktop\Asteria\References\Neoforce\Source\Controls\Code\Control.cs:line 2068
   at TomShane.Neoforce.Controls.Control.SendMessage(Message message, EventArgs e) in C:\Users\Katie\Desktop\Asteria\References\Neoforce\Source\Controls\Code\Control.cs:line 2007
   at TomShane.Neoforce.Controls.Manager.KeyDownProcess(Object sender, KeyEventArgs e) in C:\Users\Katie\Desktop\Asteria\References\Neoforce\Source\Controls\Code\Manager.cs:line 1769
   at TomShane.Neoforce.Controls.InputSystem.UpdateKeys(KeyboardState state, GameTime gameTime) in C:\Users\Katie\Desktop\Asteria\References\Neoforce\Source\Controls\Code\InputSystem.cs:line 576
   at TomShane.Neoforce.Controls.InputSystem.Update(GameTime gameTime) in C:\Users\Katie\Desktop\Asteria\References\Neoforce\Source\Controls\Code\InputSystem.cs:line 406
   at TomShane.Neoforce.Controls.Manager.Update(GameTime gameTime) in C:\Users\Katie\Desktop\Asteria\References\Neoforce\Source\Controls\Code\Manager.cs:line 1066
   at AsteriaClient.Interface.Gui.Update(GameTime gameTime) in C:\Users\Katie\Desktop\Asteria\AsteriaClient\AsteriaClient\Interface\Gui.cs:line 47
   at AsteriaClient.Game1.Update(GameTime gameTime) in C:\Users\Katie\Desktop\Asteria\AsteriaClient\AsteriaClient\Game1.cs:line 135
   at Microsoft.Xna.Framework.Game.Tick()
   at Microsoft.Xna.Framework.Game.HostIdle(Object sender, EventArgs e)
   at Microsoft.Xna.Framework.GameHost.OnIdle()
   at Microsoft.Xna.Framework.WindowsGameHost.RunOneFrame()
   at Microsoft.Xna.Framework.WindowsGameHost.ApplicationIdle(Object sender, EventArgs e)
   at System.Windows.Forms.Application.ThreadContext.System.Windows.Forms.UnsafeNativeMethods.IMsoComponent.FDoIdle(Int32 grfidlef)
   at System.Windows.Forms.Application.ComponentManager.System.Windows.Forms.UnsafeNativeMethods.IMsoComponentManager.FPushMessageLoop(IntPtr dwComponentID, Int32 reason, Int32 pvLoopData)
   at System.Windows.Forms.Application.ThreadContext.RunMessageLoopInner(Int32 reason, ApplicationContext context)
   at System.Windows.Forms.Application.ThreadContext.RunMessageLoop(Int32 reason, ApplicationContext context)
   at System.Windows.Forms.Application.Run(Form mainForm)
   at Microsoft.Xna.Framework.WindowsGameHost.Run()
   at Microsoft.Xna.Framework.Game.RunGame(Boolean useBlockingRun)
   at Microsoft.Xna.Framework.Game.Run()
   at AsteriaClient.Program.Main(String[] args) in C:\Users\Katie\Desktop\Asteria\AsteriaClient\AsteriaClient\Program.cs:line 14
////////////////////////////////////////////////////////////////

////////////////////////////////////////////////////////////////
    Date: 11/11/2011 10:33:45 PM
Assembly: TomShane.Neoforce.Controls.dll
 Version: 0.7.2407.1915
 Message: Object reference not set to an instance of an object.
////////////////////////////////////////////////////////////////
   at AsteriaClient.Interface.GuiConsole.MessageSent(Object sender, ConsoleMessageEventArgs e) in C:\Users\Katie\Desktop\Asteria\AsteriaClient\AsteriaClient\Interface\GuiConsole.cs:line 97
   at TomShane.Neoforce.Controls.Console.OnMessageSent(ConsoleMessageEventArgs e) in C:\Users\Katie\Desktop\Asteria\References\Neoforce\Source\Controls\Code\Console.cs:line 496
   at TomShane.Neoforce.Controls.Console.SendMessage(EventArgs x) in C:\Users\Katie\Desktop\Asteria\References\Neoforce\Source\Controls\Code\Console.cs:line 480
   at TomShane.Neoforce.Controls.Console.txtMain_KeyDown(Object sender, KeyEventArgs e) in C:\Users\Katie\Desktop\Asteria\References\Neoforce\Source\Controls\Code\Console.cs:line 447
   at TomShane.Neoforce.Controls.Control.OnKeyDown(KeyEventArgs e) in C:\Users\Katie\Desktop\Asteria\References\Neoforce\Source\Controls\Code\Control.cs:line 2859
   at TomShane.Neoforce.Controls.Control.KeyDownProcess(KeyEventArgs e) in C:\Users\Katie\Desktop\Asteria\References\Neoforce\Source\Controls\Code\Control.cs:line 2160
   at TomShane.Neoforce.Controls.Control.MessageProcess(Message message, EventArgs e) in C:\Users\Katie\Desktop\Asteria\References\Neoforce\Source\Controls\Code\Control.cs:line 2068
   at TomShane.Neoforce.Controls.Control.SendMessage(Message message, EventArgs e) in C:\Users\Katie\Desktop\Asteria\References\Neoforce\Source\Controls\Code\Control.cs:line 2007
   at TomShane.Neoforce.Controls.Manager.KeyDownProcess(Object sender, KeyEventArgs e) in C:\Users\Katie\Desktop\Asteria\References\Neoforce\Source\Controls\Code\Manager.cs:line 1769
   at TomShane.Neoforce.Controls.InputSystem.UpdateKeys(KeyboardState state, GameTime gameTime) in C:\Users\Katie\Desktop\Asteria\References\Neoforce\Source\Controls\Code\InputSystem.cs:line 576
   at TomShane.Neoforce.Controls.InputSystem.Update(GameTime gameTime) in C:\Users\Katie\Desktop\Asteria\References\Neoforce\Source\Controls\Code\InputSystem.cs:line 406
   at TomShane.Neoforce.Controls.Manager.Update(GameTime gameTime) in C:\Users\Katie\Desktop\Asteria\References\Neoforce\Source\Controls\Code\Manager.cs:line 1066
   at AsteriaClient.Interface.Gui.Update(GameTime gameTime) in C:\Users\Katie\Desktop\Asteria\AsteriaClient\AsteriaClient\Interface\Gui.cs:line 47
   at AsteriaClient.Game1.Update(GameTime gameTime) in C:\Users\Katie\Desktop\Asteria\AsteriaClient\AsteriaClient\Game1.cs:line 135
   at Microsoft.Xna.Framework.Game.Tick()
   at Microsoft.Xna.Framework.Game.HostIdle(Object sender, EventArgs e)
   at Microsoft.Xna.Framework.GameHost.OnIdle()
   at Microsoft.Xna.Framework.WindowsGameHost.RunOneFrame()
   at Microsoft.Xna.Framework.WindowsGameHost.ApplicationIdle(Object sender, EventArgs e)
   at System.Windows.Forms.Application.ThreadContext.System.Windows.Forms.UnsafeNativeMethods.IMsoComponent.FDoIdle(Int32 grfidlef)
   at System.Windows.Forms.Application.ComponentManager.System.Windows.Forms.UnsafeNativeMethods.IMsoComponentManager.FPushMessageLoop(IntPtr dwComponentID, Int32 reason, Int32 pvLoopData)
   at System.Windows.Forms.Application.ThreadContext.RunMessageLoopInner(Int32 reason, ApplicationContext context)
   at System.Windows.Forms.Application.ThreadContext.RunMessageLoop(Int32 reason, ApplicationContext context)
   at System.Windows.Forms.Application.Run(Form mainForm)
   at Microsoft.Xna.Framework.WindowsGameHost.Run()
   at Microsoft.Xna.Framework.Game.RunGame(Boolean useBlockingRun)
   at Microsoft.Xna.Framework.Game.Run()
   at AsteriaClient.Program.Main(String[] args) in C:\Users\Katie\Desktop\Asteria\AsteriaClient\AsteriaClient\Program.cs:line 14
////////////////////////////////////////////////////////////////

////////////////////////////////////////////////////////////////
    Date: 11/13/2011 8:31:54 PM
Assembly: TomShane.Neoforce.Controls.dll
 Version: 0.7.2407.1915
 Message: Object reference not set to an instance of an object.
////////////////////////////////////////////////////////////////
   at AsteriaClient.Interface.GuiConsole.AddChannel(Byte index, String name, Color color, Boolean visible) in C:\Users\Katie\Desktop\Asteria\AsteriaClient\AsteriaClient\Interface\GuiConsole.cs:line 148
   at AsteriaClient.Interface.GuiConsole..ctor(Manager manager, Boolean debug) in C:\Users\Katie\Desktop\Asteria\AsteriaClient\AsteriaClient\Interface\GuiConsole.cs:line 67
   at AsteriaClient.Interface.Gui.InitInterface() in C:\Users\Katie\Desktop\Asteria\AsteriaClient\AsteriaClient\Interface\Gui.cs:line 42
   at AsteriaClient.Interface.Gui..ctor(Game1 game) in C:\Users\Katie\Desktop\Asteria\AsteriaClient\AsteriaClient\Interface\Gui.cs:line 35
   at AsteriaClient.Game1.Initialize() in C:\Users\Katie\Desktop\Asteria\AsteriaClient\AsteriaClient\Game1.cs:line 83
   at Microsoft.Xna.Framework.Game.RunGame(Boolean useBlockingRun)
   at Microsoft.Xna.Framework.Game.Run()
   at AsteriaClient.Program.Main(String[] args) in C:\Users\Katie\Desktop\Asteria\AsteriaClient\AsteriaClient\Program.cs:line 14
////////////////////////////////////////////////////////////////

////////////////////////////////////////////////////////////////
    Date: 11/14/2011 2:19:12 AM
Assembly: TomShane.Neoforce.Controls.dll
 Version: 0.7.2407.1915
 Message: Error loading "Default". File not found.
////////////////////////////////////////////////////////////////
   at Microsoft.Xna.Framework.Content.ContentManager.OpenStream(String assetName)
   at Microsoft.Xna.Framework.Content.ContentManager.ReadAsset[T](String assetName, Action`1 recordDisposableObject)
   at Microsoft.Xna.Framework.Content.ContentManager.Load[T](String assetName)
   at AsteriaClient.Game1.LoadContent() in C:\Users\Katie\Desktop\Asteria\AsteriaClient\AsteriaClient\Game1.cs:line 110
   at Microsoft.Xna.Framework.Game.Initialize()
   at AsteriaClient.Game1.Initialize() in C:\Users\Katie\Desktop\Asteria\AsteriaClient\AsteriaClient\Game1.cs:line 98
   at Microsoft.Xna.Framework.Game.RunGame(Boolean useBlockingRun)
   at Microsoft.Xna.Framework.Game.Run()
   at AsteriaClient.Program.Main(String[] args) in C:\Users\Katie\Desktop\Asteria\AsteriaClient\AsteriaClient\Program.cs:line 14
////////////////////////////////////////////////////////////////

